<?xml version="1.0" encoding="UTF-8"?>
<!-- Generated by org.testng.reporters.JUnitXMLReporter -->
<testsuite ignored="0" hostname="DESKTOP-2J9SME7" failures="0" tests="3" name="Default test" time="18.65" errors="0" timestamp="2021-06-12T15:35:12 IST">
  <testcase classname="project.facultydash" name="testcse1" time="5.593"/>
  <testcase classname="project.facultydash" name="testcse2" time="5.368"/>
  <testcase classname="project.facultydash" name="testcse3" time="7.645"/>
</testsuite> <!-- Default test -->
